0 info it worked if it ends with ok
1 verbose cli [ '/Users/lvwang2002/.nvm/versions/node/v4.1.1/bin/node',
1 verbose cli   '/Users/lvwang2002/.nvm/versions/node/v4.1.1/bin/npm',
1 verbose cli   'publish' ]
2 info using npm@2.14.4
3 info using node@v4.1.1
4 verbose publish [ '.' ]
5 silly cache add args [ '.', null ]
6 verbose cache add spec .
7 silly cache add parsed spec Result {
7 silly cache add   raw: '.',
7 silly cache add   scope: null,
7 silly cache add   name: null,
7 silly cache add   rawSpec: '.',
7 silly cache add   spec: '/Users/lvwang2002/Desktop/CodeSource/KOG/rn-rsa',
7 silly cache add   type: 'directory' }
8 verbose addLocalDirectory /Users/lvwang2002/.npm/rn-rsa/0.0.1/package.tgz not in flight; packing
9 verbose tar pack [ '/Users/lvwang2002/.npm/rn-rsa/0.0.1/package.tgz',
9 verbose tar pack   '/Users/lvwang2002/Desktop/CodeSource/KOG/rn-rsa' ]
10 verbose tarball /Users/lvwang2002/.npm/rn-rsa/0.0.1/package.tgz
11 verbose folder /Users/lvwang2002/Desktop/CodeSource/KOG/rn-rsa
12 info prepublish rn-rsa@0.0.1
13 verbose addLocalTarball adding from inside cache /Users/lvwang2002/.npm/rn-rsa/0.0.1/package.tgz
14 silly cache afterAdd rn-rsa@0.0.1
15 verbose afterAdd /Users/lvwang2002/.npm/rn-rsa/0.0.1/package/package.json not in flight; writing
16 verbose afterAdd /Users/lvwang2002/.npm/rn-rsa/0.0.1/package/package.json written
17 silly publish { name: 'rn-rsa',
17 silly publish   version: '0.0.1',
17 silly publish   description: 'rsa for react native,not work fine.',
17 silly publish   main: 'index.js',
17 silly publish   scripts: { test: 'echo "Error: no test specified" && exit 1' },
17 silly publish   keywords: [ 'react-native', 'rsa' ],
17 silly publish   author: { name: 'zhaoran' },
17 silly publish   license: 'ISC',
17 silly publish   dependencies: { 'big-integer': '^1.6.7', buffer: '^3.5.2' },
17 silly publish   readme: 'ERROR: No README data found!',
17 silly publish   _id: 'rn-rsa@0.0.1',
17 silly publish   _shasum: '99c9a660500733da4c7a309498151bc1762a3ce3',
17 silly publish   _from: '.' }
18 verbose getPublishConfig undefined
19 silly mapToRegistry name rn-rsa
20 silly mapToRegistry using default registry
21 silly mapToRegistry registry https://registry.npmjs.org/
22 silly mapToRegistry uri https://registry.npmjs.org/rn-rsa
23 verbose publish registryBase https://registry.npmjs.org/
24 silly publish uploading /Users/lvwang2002/.npm/rn-rsa/0.0.1/package.tgz
25 verbose request uri https://registry.npmjs.org/rn-rsa
26 verbose request sending authorization for write operation
27 info attempt registry request try #1 at 17:50:11
28 verbose request using bearer token for auth
29 verbose request id 7beee86defa1fb68
30 http request PUT https://registry.npmjs.org/rn-rsa
31 http 403 https://registry.npmjs.org/rn-rsa
32 verbose headers { 'content-type': 'application/json',
32 verbose headers   'cache-control': 'max-age=60',
32 verbose headers   'content-length': '95',
32 verbose headers   'accept-ranges': 'bytes',
32 verbose headers   date: 'Thu, 26 Nov 2015 09:50:12 GMT',
32 verbose headers   via: '1.1 varnish',
32 verbose headers   connection: 'keep-alive',
32 verbose headers   'x-served-by': 'cache-hkg6823-HKG',
32 verbose headers   'x-cache': 'MISS',
32 verbose headers   'x-cache-hits': '0',
32 verbose headers   'x-timer': 'S1448531412.038612,VS0,VE520' }
33 verbose request invalidating /Users/lvwang2002/.npm/registry.npmjs.org/rn-rsa on PUT
34 error publish Failed PUT 403
35 verbose stack Error: "You cannot publish over the previously published version 0.0.1." : rn-rsa
35 verbose stack     at makeError (/Users/lvwang2002/.nvm/versions/node/v4.1.1/lib/node_modules/npm/node_modules/npm-registry-client/lib/request.js:263:12)
35 verbose stack     at CachingRegistryClient.<anonymous> (/Users/lvwang2002/.nvm/versions/node/v4.1.1/lib/node_modules/npm/node_modules/npm-registry-client/lib/request.js:251:14)
35 verbose stack     at Request._callback (/Users/lvwang2002/.nvm/versions/node/v4.1.1/lib/node_modules/npm/node_modules/npm-registry-client/lib/request.js:171:14)
35 verbose stack     at Request.self.callback (/Users/lvwang2002/.nvm/versions/node/v4.1.1/lib/node_modules/npm/node_modules/request/request.js:198:22)
35 verbose stack     at emitTwo (events.js:87:13)
35 verbose stack     at Request.emit (events.js:172:7)
35 verbose stack     at Request.<anonymous> (/Users/lvwang2002/.nvm/versions/node/v4.1.1/lib/node_modules/npm/node_modules/request/request.js:1073:14)
35 verbose stack     at emitOne (events.js:82:20)
35 verbose stack     at Request.emit (events.js:169:7)
35 verbose stack     at IncomingMessage.<anonymous> (/Users/lvwang2002/.nvm/versions/node/v4.1.1/lib/node_modules/npm/node_modules/request/request.js:1019:12)
36 verbose statusCode 403
37 verbose pkgid rn-rsa
38 verbose cwd /Users/lvwang2002/Desktop/CodeSource/KOG/rn-rsa
39 error Darwin 14.5.0
40 error argv "/Users/lvwang2002/.nvm/versions/node/v4.1.1/bin/node" "/Users/lvwang2002/.nvm/versions/node/v4.1.1/bin/npm" "publish"
41 error node v4.1.1
42 error npm  v2.14.4
43 error code E403
44 error "You cannot publish over the previously published version 0.0.1." : rn-rsa
45 error If you need help, you may report this error at:
45 error     <https://github.com/npm/npm/issues>
46 verbose exit [ 1, true ]
